Setting Default Listening Port as 8443


End User License Agreement
__________________________


KASM WORKSPACES END USER LICENSE AGREEMENT 

BY DOWNLOADING, INSTALLING, OR USING THE SOFTWARE, YOU AGREE TO THE TERMS OF 
THIS END USER LICENSE AGREEMENT (“EULA”). IF YOU DO NOT AGREE TO THESE TERMS, YOU 
MUST NOT DOWNLOAD, INSTALL, OR USE THE SOFTWARE, AND YOU MUST DELETE THE 
SOFTWARE AND REQUEST A REFUND OF THE LICENSE FEE. 

1. DEFINITIONS 

1.1.  “Documentation” means that documentation that is generally provided to You by Kasm 
Technologies with the Software and which may include end user manuals, operation instructions, 
installation guides, release notes, and on-line help files regarding the use of the Software. 

1.2.  “Kasm Technologies” means Kasm Technologies Inc, a Virginia corporation, located at 1765 
Greensboro Station Place STE 900, MCLEAN, VA 22102.  

1.3.  “License” means a license granted under Section 2.1 (General License Grant).  

1.4.  “Open-Source Software” or “OSS” means software components embedded in the Software 
and provided under separate license terms, which can be found in the open_source_licenses.txt file 
provided within the Software. 

1.5.  “Order” means a purchase order, enterprise license agreement, or other ordering document 
issued by You to Kasm Technologies or a Kasm Technologies authorized reseller that references and 
incorporates this EULA and is accepted by Kasm Technologies. No Orders are binding on Kasm 
Technologies until accepted by Kasm Technologies. 

1.6.  “Software” means the Kasm Technologies computer programs to which You acquire a license 
under an Order, together with any software code pursuant to a support and/or subscription service 
contract and that is not subject to a separate license agreement.  

1.7.  “You” means the individual, company or other legal entity using the software. 

2. LICENSE GRANT 

2.1.  General License Grant. Kasm Technologies grants to You a non-exclusive, non-transferable  
license to use the Software and Documentation for the duration of the license solely for Your 
business operations, and subject to the provisions of your Order, Documentation and related support 
agreements. 

2.2. Community Edition Restrictions. The Community Edition of the Kasm Workspaces license is 
restricted to the following usage and may not be used for revenue-generating business activities. 
Notwithstanding any other provision in this EULA, the Community Edition License of the Software is 
provided “AS-IS” without indemnification, support or warranty of any kind, expressed or implied. 

2.2.1.  Evaluation. Temporary usage of the Software to validate business requirements. 

2.2.2.  Personal/Home. For use by an individual/household for personal, non-business activities.  

2.2.3.  Non-Profit. For use by non-profit organizations or researchers.  

2.3.  Software Support and Subscriptions. Except as expressly specified in your software Order, 
Kasm Technologies does not provide any support or subscription services for the Software under this 
EULA. You have no rights to any updates, upgrades or extensions or enhancements to the Software 
developed by Kasm Technologies other than those defined in a separate software license Order. 

2.4.  Software Updates. The Software may be updated with enhancements or improvements to the 
features/functionality, which may include patches, bug fixes, updates, upgrades and other 
modifications. Updates may modify or delete certain features and/or functionalities of the Software. 
You agree that Kasm Technologies has no obligation to (i) provide any Updates, or (ii) continue to 
provide Software features and/or functionalities. 

2.5.  Third Party Agents. Under the License You may permit Your third-party agents to access, use 
and/or operate the Software on Your behalf for the sole purpose of delivering services to You, 
provided that You will be fully responsible for compliance with terms and conditions of this EULA and 
any breach of this EULA by a third-party agent shall be deemed to be a breach by You.  

2.6.  Open-Source Software. Notwithstanding anything herein to the contrary, Open-Source 
Software is licensed to You under such OSS’s own applicable license terms. These OSS license 
terms are consistent with the license granted in this Section. The OSS license terms shall take 
precedence over this EULA to the extent that this EULA imposes greater restrictions on You than the 
applicable OSS license terms. To the extent the license for any Open-Source Software requires 
Kasm Technologies to make available to You the corresponding source code and/or modifications, 
You may obtain a copy of the applicable Source Files.  

3. RESTRICTIONS OF OWNERSHIP 

3.1.  License Restrictions. Without Kasm Technologies’ prior written consent, You must not, and 
must not allow any third-party to: (a) use Software in an application services provider except that You 
may use the Software to deliver hosted services to Your affiliates; (b) make available Software in any 
form to anyone other than Your employees, except as specified in Section 2.5 (Third Party Agents); 
(c) transfer or sublicense Software or Documentation to an affiliate or any third party; (d) use 
Software in conflict with the terms and restrictions of the Software’s licensing model and other 
requirements specified in Documentation and/or Order; (e) except to the extent permitted by 
applicable mandatory law, modify, translate, enhance, or create derivative works from the Software, 
or reverse engineer, decompile, or otherwise attempt to derive source code from the Software; or (f) 
violate or circumvent any technological restrictions within the Software or specified in this EULA.  

3.2.  Ownership. The Software and Documentation and all improvements, enhancements, 
modifications and derivative works thereof, and all Intellectual Property Rights therein, are and shall 
remain the sole and exclusive property of Kasm Technologies. Intellectual property rights, including 
without limitation, copyrights, trademarks, service marks, trade secrets, know how, inventions, 
patents, patent applications, moral rights and all other proprietary rights, whether registered or 
unregistered. Your rights to use the Software and Documentation shall be limited to those expressly 
granted in this EULA and any applicable Order. No other rights with respect to the Software or any 
related Intellectual Property Rights are implied. You are not authorized to use (and shall not permit 
any third party to use) the Software, Documentation or any portion thereof except as expressly 
authorized by this EULA or the applicable Order. Kasm Technologies reserves all rights not expressly 
granted to You. 

3.3. Third Party Software. You acknowledge that You are responsible for obtaining and complying 
with any licenses necessary to integrate, orchestrate or access all third-party software used within the 
Software.

3.4. Software Feedback. Feedback, bug reports, enhancements or recommendations provided by
You to Kasm Technologies for the purpose of improving the Software shall become exclusively 
owned by Kasm Technologies and may be used/redistributed without compensation to the source of 
the submission. 

4. CONTENT AND USAGE 

4.1.  Software Usage Responsibility. Kasm Technologies is not responsible for the information, 
content and activities of the Software users. You understand and agree that You are solely 
responsible for the content and for all activity that occurs under your Software, whether done so by 
You or any third person. 

4.2.  Content and Usage Disclaimer. Kasm Technologies does not control or restrict content or 
activities by users and/or third parties within the Software, you agree to use the Software at your own 
risk. You agree that under no circumstances will Kasm Technologies be liable in any way for any 
content within the Software, activities performed using the Software, or any loss or damage incurred 
as a result of your use of the Software. 

5. WARRANTIES 

5.1.  Software Warranty, Duration and Remedy. Kasm Technologies warrants to You that the 
Software will, for a period of ninety (90) days following notice of availability for electronic download or 
delivery (“Warranty Period”), substantially conform to the applicable Documentation, provided that 
the Software: (a) has been properly installed and used at all times in accordance with the applicable 
Documentation; and (b) has not been modified or added to by persons other than Kasm Technologies 
or its authorized representative. Kasm Technologies will provide remedy for any breach of this 
warranty, either replace that Software or correct any reproducible error in that Software reported to 
Kasm Technologies by You in writing during the Warranty Period. If Kasm Technologies determines 
that it is unable to correct the error or replace the Software, Kasm Technologies will refund to You the 
amount paid by You for that Software, in which case the License for that Software will terminate.  

5.2.  Software Disclaimer of Warranty. Other than the warranty above, and to the maximum extent 
permitted by applicable law, Kasm Technologies and its suppliers make no other express warranties 
or guarantees under this EULA, and disclaim all implied warranties of merchantability, fitness for a 
particular purpose, title and non-infringement, and any warranty arising by statute, operation of law, 
course of dealing or performance, or usage of trade. Kasm technologies and its licensors do not 
warrant that the software will operate uninterrupted or that it will be free from defects or that it will 
meet your requirements. 

6. INTELLECTUAL PROPERTY INDEMNIFICATION 

6.1.  Defense and Indemnification. Kasm Technologies shall defend You against any third party 
claim that the Software infringes any patent, trademark or copyright of such third party, or 
misappropriates a trade secret (but only to the extent that the misappropriation is not a result of Your 
actions) and indemnify You from the resulting costs and damages finally awarded against You to 
such third party by a court of competent jurisdiction or agreed to in settlement. The foregoing 
obligations are applicable only if You: (i) promptly notify Kasm Technologies in writing of the 
Infringement Claim; (ii) allow Kasm Technologies sole control over the defense for the claim, any 
settlement negotiations and any related action challenging the validity of the allegedly infringed 
patent, trademark, or copyright; and (iii) reasonably cooperate in response to Kasm Technologies 
requests for assistance. You may not settle or compromise any Infringement Claim without the prior 
written consent of Kasm Technologies.  

6.2.  Remedies. If the alleged infringing Software become, or in Kasm Technologies’ opinion be likely 
to become, the subject of an Infringement Claim, Kasm Technologies will, at Kasm Technologies’ 
option and expense, do one of the following: (a) procure the rights necessary for You to make 
continued use of the affected Software; (b) replace or modify the affected Software to make it non-
infringing; or (c) terminate the License to the affected Software and discontinue the related support 
services, and, upon Your certified deletion of the affected Software, refund: (i) the fees paid by You 
for the License to the affected Software, less straight-line depreciation over a three (3) year useful life 
beginning on the date such Software was delivered; and (ii) any pre-paid service fee attributable to 
related support services to be delivered after the date such service is stopped.  

6.3.  Exclusions. Notwithstanding the foregoing, Kasm Technologies will have no obligation under 
this Section 8 (Intellectual Property Indemnification) or otherwise with respect to any claim based on: 
(a) a combination of Software with non-Kasm Technologies products (other than non-Kasm 
Technologies products that are listed on the Order and used in an unmodified form); (b) use for a 
purpose or in a manner for which the Software was not designed; (c) use of any older version of the 
Software when use of a newer Kasm Technologies version would have avoided the infringement; (d) 
any modification to the Software made without Kasm Technologies’ express written approval; (e) any 
claim that relates to open source software or freeware technology or any derivatives or other 
adaptations thereof that is not embedded by Kasm Technologies into Software; or (f) any Software 
provided on a no charge or evaluation basis. This Section 8 (intellectual property indemnification) 
states your sole and exclusive remedy and Kasm Technologies’ entire liability for any infringement 
claims or actions.  

7. LIMITATION OF LIABILITY 

7.1.  Limitation of Liability. To the maximum extent mandated by law, in no event will Kasm 
Technologies and its licensors be liable for any lost profits or business opportunities, loss of use, loss 
of revenue, loss of goodwill, business interruption, loss of data, or any indirect, special, incidental, or 
consequential damages under any theory of liability, whether based in contract, tort, negligence, 
product liability, or otherwise. Because some jurisdictions do not allow the exclusion or limitation of 
liability for consequential or incidental damages, the preceding limitation may not apply to you. Kasm 
Technologies’ and its licensors’ liability under this EULA will not, in any event, regardless of whether 
the claim is based in contract, tort, strict liability, or otherwise, exceed the greater of the license fees 
you paid for the software giving rise to the claim or $100. The foregoing limitations shall apply 
regardless of whether Kasm Technologies or its licensors have been advised of the possibility of such 
damages and regardless of whether any remedy fails of its essential purpose. You may not bring a 
claim under this EULA more than twelve (12) months after the cause of action arises. 

7.2.  Indemnification. You agree to indemnify and hold Kasm Technologies and its parents, 
subsidiaries, affiliates, officers, employees, agents, partners and licensors (if any) harmless from any 
claim or demand, including reasonable attorneys' fees, due to or arising out of your: (a) use of the 
Software; (b) violation of this agreement or any law or regulation; or (c) violation of any right of a third 
party. 

8. TERMINATION.  

8.1.  EULA Term. The term of this EULA begins on the notice of availability for electronic download 
or delivery of the Software and continues until this EULA is terminated.  

8.2.  Termination for Breach. Kasm Technologies may terminate this EULA effective immediately 
upon written notice to You if: (a) You fail to pay any portion of the fees under an applicable Order 
within ten (10) days after receiving written notice from Kasm Technologies that payment is past due; 
or (b) You breach any other provision of this EULA and fail to cure within thirty (30) days after receipt 
of Kasm Technologies’ written notice thereof.  

8.3.  Termination for Insolvency. Kasm Technologies may terminate this EULA effective 
immediately upon written notice to You if You: (a) terminate or suspend your business; (b) become 
insolvent; or become subject to control of a trustee or similar authority; or (c) become subject to a 
bankruptcy or insolvency proceeding.  

8.4.  Effect of Termination. Upon Kasm Technologies’ termination of this EULA: (a) all Licensed 
rights to all Software granted to You under this EULA will immediately cease; and (b) You must cease 
all use of all Software, and certify destruction of all Software, confidential information, and license 
keys. 

9. CONFIDENTIAL INFORMATION 

9.1.  “Confidential Information” means information or materials provided by one party (“Discloser”) 
to the other party (“Recipient”) which are in tangible form and labelled “confidential” or the like, or, 
information which a reasonable person knew or should have known to be confidential. The following 
information shall be considered Confidential Information whether or not marked or identified as such: 
(a) license keys; (b) information regarding Kasm Technologies’ pricing, product roadmaps or strategic 
marketing plans; and (c) non-public materials relating to the Software.  

9.2.  Protection. Recipient may use Confidential Information of Discloser; (a) to exercise its rights 
and perform its obligations under this EULA; or (b) in connection with the parties’ ongoing business 
relationship. Recipient will not use any Confidential Information of Discloser for any purpose not 
expressly permitted by this EULA and will disclose the Confidential Information of Discloser only to 
the employees or contractors of Recipient who have a need to know such Confidential Information for 
purposes of this EULA and who are under a duty of confidentiality no less restrictive than Recipient’s 
duty hereunder. Recipient will protect Confidential Information from unauthorized use, access, or 
disclosure in the same manner as Recipient protects its own confidential or proprietary information of 
a similar nature but with no less than reasonable care.  

9.3. Data Privacy. You agree that Kasm Technologies may process technical and related information 
about Your use of the Software which may include internet protocol address, hardware identification, 
operating system, application software, peripheral hardware, and non-personally identifiable Software 
usage statistics to facilitate the provisioning of updates, support, invoicing or online services. 

10. GENERAL 

10.1.  Transfers & Assignment. Except to the extent transfer may not legally be restricted, You will 
not assign this EULA, any Order, or any right or obligation herein or delegate any performance 
without Kasm Technologies’ prior written consent, which consent will not be unreasonably withheld. 
Kasm Technologies may use sufficiently qualified subcontractors to provide services to You, provided 
that Kasm Technologies remains responsible to You for the performance of the services.  

10.2.  Waiver. The failure to exercise a right or to require performance of an obligation under this 
Agreement shall not effect a party's ability to exercise such right or require such performance at any 
time thereafter nor shall be the waiver of a breach constitute a waiver of any subsequent breach.  

10.3.  Severability. If any provision of this Agreement is held to be unenforceable or invalid, such 
provision will be changed and interpreted to accomplish the objectives of such provision to the 
greatest extent possible under applicable law and the remaining provisions will continue in full force 
and effect.  

10.4.  Compliance with Laws; Export Control; Government Regulations. Each party shall comply 
with all laws applicable to the actions contemplated by this EULA. You acknowledge that the Software 
is of United States origin, is provided subject to the U.S. Export Administration Regulations, may 
be subject to the export control laws of the applicable territory, and that diversion contrary to applicable 
export control laws is prohibited. You represent that (1) you are not, and are not acting on behalf of, 
(a) any person who is a citizen, national, or resident of, or who is controlled by the government of any 
country to which the United States has prohibited export transactions; or (b) any person or entity 
listed on the U.S. Treasury Department list of Specially Designated Nationals and Blocked Persons, 
or the U.S. Commerce Department Denied Persons List or Entity List; and (2) you will not permit the 
Software to be used for, any purposes prohibited by law, including, any prohibited development, 
design, manufacture or production of missiles or nuclear, chemical or biological weapons. The 
Software and accompanying documentation are deemed to be “commercial computer software” and 
“commercial computer software documentation”, respectively, pursuant to DFARS Section 227.7202 
and FAR Section 12.212(b), as applicable. Any use, modification, reproduction, release, performing, 
displaying or disclosing of the Software and documentation by or for the U.S. Government shall be 
governed solely by the terms and conditions of this EULA.  

10.5.  Governing Law. This EULA is governed by the laws of the State of Virginia, United States of 
America (excluding its conflict of law rules), and the federal laws of the United States. The state and 
federal courts located in Virginia will be the exclusive jurisdiction for disputes. 

10.6.  Order of Precedence. In the event of conflict or inconsistency among this EULA and the 
Order, the terms of this EULA shall supersede and control over any conflicting or additional terms and 
conditions of any order, acknowledgement or confirmation or other document issued by You.  

10.7. Entire Agreement. This EULA, including accepted Orders and any amendments, contain the 
entire agreement of the parties with respect to this EULA and supersede all previous or 
contemporaneous communications, representations, proposals, commitments, understandings and 
agreements, whether written or oral, between the parties. 

10.8. Contact Information. Please direct legal notices or other correspondence to: 
contracts@kasmweb.com 
Kasm Technologies 
1765 Greensboro Station Place STE 900 
McLean, Virginia 22102 
United States of America 


A copy of the End User License Agreement is located at:
/tmp/kasm_release/licenses/LICENSE.txt

Checking if docker and docker compose are installed.
Docker is installed
29.4.1 is a supported version of docker.
Docker compose is installed
5.1.3 is a supported version of docker compose
Commands docker and docker compose detected.
Skipping Dependency Installation.
Checking if DEFAULT_PROXY_LISTENING_PORT (8443) is free
Port (8443) is not in use.
Swap Exists
df: /var/lib/docker: No such file or directory
/tmp/kasm_release/install.sh: line 1237: [: : integer expected
Installing All Services
Updating configurations with custom DEFAULT_PROXY_LISTENING_PORT (8443)
Docker network kasm_default_network already exists. Will not create
Initializing Database
Setting Seed file as /opt/kasm/1.15.0/conf/database/seed_data/default_properties.yaml
Using Database Master User postgres
Using Database Master Password from stdin -G
time="2026-05-26T11:29:55+03:00" level=warning msg="/opt/kasm/1.15.0/docker/docker-compose.yaml: the attribute `version` is obsolete, it will be ignored, please remove it to avoid potential confusion"
 Container kasm_proxy Stopping 
 Container kasm_proxy Stopped 
 Container kasm_api Stopping 
 Container kasm_share Stopping 
 Container kasm_guac Stopping 
 Container kasm_agent Stopping 
 Container kasm_agent Stopped 
 Container kasm_manager Stopping 
 Container kasm_share Stopped 
 Container kasm_redis Stopping 
 Container kasm_api Stopped 
 Container kasm_redis Stopped 
 Container kasm_manager Stopped 
 Container kasm_db Stopping 
 Container kasm_db Stopped 
 Container kasm_guac Stopped 
kasm_db_1.15.0
time="2026-05-26T11:30:02+03:00" level=warning msg="/opt/kasm/1.15.0/docker/docker-compose.yaml: the attribute `version` is obsolete, it will be ignored, please remove it to avoid potential confusion"
 Container kasm_db Creating 
 Container kasm_db Created 
 Container kasm_db Starting 
 Container kasm_db Started 
 Container kasm_db Waiting 
 Container kasm_db Healthy 
time="2026-05-26T11:30:33+03:00" level=warning msg="/opt/kasm/1.15.0/docker/.conf/docker-compose-api.yaml: the attribute `version` is obsolete, it will be ignored, please remove it to avoid potential confusion"
 Container conf-kasm_api-run-c5e90b50b8c7 Creating 
 Container conf-kasm_api-run-c5e90b50b8c7 Created 
2026-05-26 08:30:34,514 [INFO] root: Performing Database Connectivity Test
2026-05-26 08:30:34,525 [INFO] root: Initializing Postgres Database
2026-05-26 08:30:36,861 [INFO] root: Stamping Database with revision
Dropping Existing Schema
Creating Schema
Creating Installation ID
Replacing: (${uuid:group_setting_id:34}) with (d3cb408c-17a4-4c48-9588-d5eb2bf6ff61)
Replacing: (${uuid:group_setting_id:1060}) with (078ceaff-5adb-47f7-b6c8-ca96b9381b1f)
Replacing: (${uuid:group_setting_id:46}) with (b831c330-661e-448c-8fbd-eba63d70f843)
Replacing: (${uuid:group_setting_id:2006}) with (3a7e5913-320d-491e-8a75-c6157f37c604)
Replacing: (${uuid:group_setting_id:1001}) with (b099ca43-eb08-42fd-83ff-d7e56ea0069b)
Replacing: (${uuid:group_setting_id:15}) with (f629325c-c34f-4552-8107-f1b5f8dab16c)
Replacing: (${uuid:group_setting_id:41}) with (317b6f9e-2ec6-4878-913d-c31de55d212b)
Replacing: (${uuid:group_setting_id:1030}) with (f743379e-d91a-4390-b00e-f5f4ce13b3f9)
Replacing: (${uuid:group_setting_id:1027}) with (cb8b2f05-931a-4eda-a5ee-6b9eff255be5)
Replacing: (${uuid:zone_id:1}) with (f9dce659-ebe3-4b48-bee4-19b4be0e4912)
Replacing: (${uuid:group_setting_id:55}) with (75b1f751-0241-49f6-b017-2bfd63535e94)
Replacing: (${uuid:group_setting_id:57}) with (f83dcbe5-15ab-4fd5-aa59-69082f8575c3)
Replacing: (${uuid:group_setting_id:1020}) with (34f3ea75-3e5d-48f9-a1ba-5c4bd0e4d245)
Replacing: (${uuid:group_permission_id:0001}) with (aa56de0c-4c5d-4b09-be54-97ec3965fa4f)
Replacing: (${uuid:group_setting_id:16}) with (145a2b14-7f0f-4053-92ba-c854954960c3)
Replacing: (${uuid:group_setting_id:1011}) with (4d4f0649-28ce-4070-8194-be99cf01b777)
Replacing: (${uuid:group_setting_id:61}) with (78c022af-6d40-42f6-bb11-2de87b62184b)
Replacing: (${uuid:group_setting_id:49}) with (62ae4034-eda0-41c7-bda2-0702a12d3813)
Replacing: (${uuid:group_setting_id:24}) with (4e38ad26-7e73-4033-b175-3118c8f1d9f4)
Replacing: (${uuid:group_setting_id:1019}) with (3da94019-ed1a-4fa7-bfd1-28e1dcfe26bc)
Replacing: (${uuid:group_setting_id:37}) with (4dfc1485-1b1c-4058-9a0d-06d3b02da16b)
Replacing: (${uuid:group_setting_id:53}) with (56f5cdcd-93e0-48c6-b5e7-0035d89843d2)
Replacing: (${uuid:group_setting_id:1022}) with (32c5711e-f726-4c77-8973-3b4d04cdf03e)
Replacing: (${uuid:group_setting_id:19}) with (e05d6080-f8bd-40a4-b2bf-25bf41274c7a)
Replacing: (${uuid:group_setting_id:10}) with (007b4c79-3d3b-4d57-89ad-3af123e9eb66)
Replacing: (${uuid:group_setting_id:25}) with (5ccc41de-394f-4f99-ae8e-353c3b5f2d63)
Replacing: (${uuid:group_setting_id:51}) with (f0560dd0-d801-44e2-a1b7-93eb6581edfe)
Replacing: (${uuid:group_setting_id:1010}) with (387a464e-cfe7-4185-8ca7-f10c966467a1)
Replacing: (${uuid:group_id:2}) with (226e7a7c-10a4-4571-8902-e4940ae58261)
Replacing: (${uuid:group_setting_id:18}) with (55875b05-8301-486c-a41b-2cabe0b540fc)
Replacing: (${uuid:group_setting_id:11}) with (cbadf175-4440-4c04-8d2e-09842b957d04)
Replacing: (${uuid:group_setting_id:42}) with (9c69383a-84ab-4329-bedf-db336c018aa3)
Replacing: (${uuid:group_setting_id:1003}) with (3e1b9ea5-05f6-49bf-a4c7-3559e2f8bdfc)
Replacing: (${uuid:group_setting_id:27}) with (e849fdce-a50b-4315-bcb4-be2a1557c857)
Replacing: (${uuid:group_setting_id:7}) with (692c69ce-f428-4fc8-b33b-8446e39f2fb7)
Replacing: (${uuid:group_setting_id:1009}) with (79fb3b4b-3056-4726-86a4-c0fa0c765507)
Replacing: (${uuid:group_setting_id:56}) with (459f9fe5-6bba-4555-9216-8ec33d3d4b60)
Replacing: (${uuid:group_setting_id:12}) with (1f9f3602-8580-41bd-988e-bf2dcac6506d)
Replacing: (${uuid:group_setting_id:1031}) with (06600634-6c3d-423c-a4e7-54a83f41d36d)
Replacing: (${uuid:group_setting_id:1025}) with (a380148d-fc29-46b4-86bb-fb8ba6b0a8a2)
Replacing: (${uuid:group_setting_id:38}) with (e470038d-1e95-4523-b685-f57531f90136)
Replacing: (${uuid:group_setting_id:5}) with (1131c095-77c7-4306-815f-e91e951d0a57)
Replacing: (${uuid:group_setting_id:1033}) with (949a370e-05ae-46a9-aca9-92b203583b97)
Replacing: (${uuid:group_setting_id:13}) with (96eb1e3d-e13b-494a-b0e8-02c95998f0b3)
Replacing: (${uuid:user_id:2}) with (8ff474ab-75c8-46f9-b8f1-9919b56df2f1)
Replacing: (${uuid:group_setting_id:30}) with (c6cfd41c-e2e9-4328-bcbc-bbc2ccef927d)
Replacing: (${uuid:group_setting_id:43}) with (7c9923fc-3762-4716-9c81-db2111e36572)
Replacing: (${uuid:group_setting_id:39}) with (6171f85e-6ca6-4264-93f3-bd3f09a5b605)
Replacing: (${uuid:group_setting_id:33}) with (5e4777a6-4d45-4cac-87e2-fadf3dc5a906)
Replacing: (${uuid:group_setting_id:1007}) with (7472b762-e4b6-41cd-886b-0135789fc36f)
Replacing: (${uuid:group_setting_id:36}) with (36481ab3-f59f-4a17-9a1a-b11f2e2bbe64)
Replacing: (${uuid:group_setting_id:1021}) with (c733a76a-8f4a-4925-bd6b-0ff7bc14e95a)
Replacing: (${uuid:group_setting_id:2004}) with (efea0609-95d0-46f2-9c2b-010b2921d9ed)
Replacing: (${uuid:group_setting_id:1055}) with (da0a04f3-ca38-454a-b696-2dd0038a9bfe)
Replacing: (${uuid:group_setting_id:50}) with (d3e3aceb-25a2-478f-8c5a-c8cf35c37b23)
Replacing: (${uuid:group_setting_id:48}) with (5406a875-35b8-4553-a7a3-05afefb904df)
Replacing: (${uuid:group_setting_id:23}) with (84bd1cc3-ac90-44dc-a6f8-4190b863e3a0)
Replacing: (${uuid:group_setting_id:32}) with (c5426af2-65c6-486c-87b7-5c1ab8b66330)
Replacing: (${uuid:group_setting_id:1016}) with (1d302f20-1fdf-4950-a79a-53eb8bd0269c)
Replacing: (${uuid:group_setting_id:2002}) with (b1992505-574d-41d9-ac85-a31956ec38b3)
Replacing: (${uuid:group_setting_id:2}) with (3b2133e2-811f-4534-8e0a-26a1e392e4cc)
Replacing: (${uuid:group_setting_id:58}) with (b1ad8d32-1361-47f5-9c81-06127728f079)
Replacing: (${uuid:group_permission_id:0002}) with (817a1d31-cf7e-40a4-b8b6-386ab5751064)
Replacing: (${uuid:group_setting_id:17}) with (0c6203c3-4654-46b7-b3ed-1c9c894f28ad)
Replacing: (${uuid:group_setting_id:1015}) with (8af040de-9694-4254-a41e-995afa22e764)
Replacing: (${uuid:group_setting_id:1013}) with (8e065bde-33ee-4b8d-b4d2-a42f359961c7)
Replacing: (${uuid:group_setting_id:1032}) with (892de321-6ff7-46ed-859b-ff620a179f24)
Replacing: (${uuid:group_setting_id:1014}) with (90a1ce66-60a8-499a-bad4-48e24fe9e737)
Replacing: (${uuid:group_setting_id:29}) with (418cc7d7-98b1-4b93-9115-120604dcda12)
Replacing: (${uuid:group_setting_id:31}) with (cee18f72-8078-49c3-b21c-9fc4bab558b0)
Replacing: (${uuid:group_setting_id:14}) with (f3ee4e20-7d6e-4a55-8e8a-e2ddd20cc765)
Replacing: (${uuid:group_setting_id:35}) with (a079e235-46d9-4622-af38-b1eaed318609)
Replacing: (${uuid:group_setting_id:52}) with (fc4cd9e1-ead6-4e9c-a386-c2d5a8d8a37a)
Replacing: (${uuid:group_setting_id:28}) with (1bbdfbe1-0af9-4f08-a994-58361f1d611d)
Replacing: (${uuid:group_setting_id:3}) with (68f51145-a75a-418f-8505-bdf61ab5a88c)
Replacing: (${uuid:group_setting_id:54}) with (d3029b11-afef-497b-85c3-139486b00646)
Replacing: (${uuid:group_setting_id:1004}) with (c3c84c39-d5ec-40c5-a672-e8a423508da3)
Replacing: (${uuid:group_setting_id:1023}) with (7968f958-df53-442a-8fd1-0cfed28197c2)
Replacing: (${uuid:group_setting_id:1026}) with (6665a813-7e45-4242-8096-949cfb0bbe19)
Replacing: (${uuid:group_setting_id:1024}) with (881c9569-004b-40b5-8f10-995c8fee8ac9)
Replacing: (${uuid:group_setting_id:6}) with (55ec97d8-cb49-4f2e-8e1c-601d660633f9)
Replacing: (${uuid:group_setting_id:47}) with (157b24c1-1552-4503-87ad-764970364e1e)
Replacing: (${uuid:group_setting_id:2005}) with (9c1f747b-c933-445e-bf4c-16750d672a21)
Replacing: (${uuid:group_setting_id:9}) with (e162cc57-1cc5-4167-a300-49aa29963514)
Replacing: (${uuid:group_setting_id:26}) with (edf1fd41-dc43-4082-9b81-7b6a24d1bd27)
Replacing: (${uuid:group_setting_id:1017}) with (f8f4d441-f147-4692-96d6-ecb0715bc08e)
Replacing: (${uuid:group_setting_id:63}) with (45d45411-2106-4f37-9d0f-697c380a737e)
Replacing: (${uuid:group_setting_id:40}) with (a7c74686-7895-4ada-bd37-bfb061e2c471)
Replacing: (${uuid:group_setting_id:21}) with (0b67b0a8-90bd-4493-85e5-f806a6616114)
Replacing: (${uuid:group_setting_id:45}) with (b84890ac-c5e9-4838-9cbe-111260bf08b9)
Replacing: (${uuid:group_setting_id:59}) with (3b3868ba-4fa1-4beb-8c25-53000b7054cb)
Replacing: (${uuid:group_setting_id:8}) with (5db3e8ff-97be-4813-8ae5-1fb3b5e52ea1)
Replacing: (${uuid:group_setting_id:64}) with (3218556c-5804-40e9-ada0-e9b52bc66794)
Replacing: (${uuid:group_setting_id:1029}) with (820e1b3f-8a14-45eb-b263-0d19f073da98)
Replacing: (${uuid:group_setting_id:2003}) with (cf7a98f5-753f-4477-9950-a95e10f3cb60)
2026-05-26 08:30:37,601 [INFO] root: Complete
Replacing: (${uuid:group_setting_id:20}) with (4f07cd44-a44d-44a0-becc-be2bb33594b6)
Replacing: (${uuid:group_setting_id:1002}) with (004059ae-e280-4c7f-b92b-337d395f6553)
Replacing: (${uuid:group_setting_id:60}) with (fe8d4167-e98d-4102-9d2a-60a096a1b4e8)
Replacing: (${uuid:group_setting_id:62}) with (68fcf6e7-c83e-4021-898a-19b0f2ff6d4f)
Replacing: (${uuid:group_setting_id:65}) with (3ed7a0fc-9e57-4a3a-9418-7d32588f849a)
Replacing: (${uuid:group_setting_id:1018}) with (6ba9ad70-68cd-4bda-a3b6-b1998212aee4)
Replacing: (${uuid:group_setting_id:1012}) with (770f5c37-6c4b-481c-9510-5124ec120608)
Replacing: (${uuid:group_setting_id:1028}) with (c642b174-adf3-4e06-b498-d960cc112ad9)
Replacing: (${uuid:group_setting_id:44}) with (1751d4c5-1776-4a68-b3a5-0d9c4d910efb)
Replacing: (${uuid:group_setting_id:4}) with (a7d68633-c0aa-4050-bcbb-582bb416785c)
Replacing: (${uuid:group_setting_id:1008}) with (b7aab6c3-c465-46d4-85c7-4e99b1bd0ac9)
Replacing: (${uuid:user_id:1}) with (cd6ff5fc-767f-4c65-afdd-1998bb6e848b)
Replacing: (${uuid:group_setting_id:22}) with (609a8b31-638d-4a9c-af81-e57582bb179e)
Replacing: (${uuid:group_setting_id:1006}) with (d23df030-2631-4081-bcb2-7e04025dafa0)
Replacing: (${datetime:utcnow}) with (2026-05-26 08:30:37.406608)
time="2026-05-26T11:30:38+03:00" level=warning msg="/opt/kasm/1.15.0/docker/docker-compose.yaml: the attribute `version` is obsolete, it will be ignored, please remove it to avoid potential confusion"
 Container kasm_proxy Stopping 
 Container kasm_proxy Stopped 
 Container kasm_agent Stopping 
 Container kasm_guac Stopping 
 Container kasm_api Stopping 
 Container kasm_share Stopping 
 Container kasm_api Stopped 
 Container kasm_share Stopped 
 Container kasm_redis Stopping 
 Container kasm_guac Stopped 
 Container kasm_agent Stopped 
 Container kasm_manager Stopping 
 Container kasm_redis Stopped 
 Container kasm_manager Stopped 
 Container kasm_db Stopping 
 Container kasm_db Stopped 
Database Initialization Complete
Not seeding default Workspaces Images.
Setting Seed file as /opt/kasm/1.15.0/conf/database/seed_data/default_agents.yaml
time="2026-05-26T11:30:39+03:00" level=warning msg="/opt/kasm/1.15.0/docker/docker-compose.yaml: the attribute `version` is obsolete, it will be ignored, please remove it to avoid potential confusion"
 Container kasm_proxy Stopping 
 Container kasm_proxy Stopped 
 Container kasm_guac Stopping 
 Container kasm_api Stopping 
 Container kasm_share Stopping 
 Container kasm_agent Stopping 
 Container kasm_share Stopped 
 Container kasm_redis Stopping 
 Container kasm_agent Stopped 
 Container kasm_manager Stopping 
 Container kasm_api Stopped 
 Container kasm_guac Stopped 
 Container kasm_redis Stopped 
 Container kasm_manager Stopped 
 Container kasm_db Stopping 
 Container kasm_db Stopped 
time="2026-05-26T11:30:39+03:00" level=warning msg="/opt/kasm/1.15.0/docker/docker-compose.yaml: the attribute `version` is obsolete, it will be ignored, please remove it to avoid potential confusion"
 Container kasm_db Creating 
 Container kasm_db Created 
 Container kasm_db Starting 
 Container kasm_db Started 
 Container kasm_db Waiting 
 Container kasm_db Healthy 
time="2026-05-26T11:31:10+03:00" level=warning msg="/opt/kasm/1.15.0/docker/.conf/docker-compose-api.yaml: the attribute `version` is obsolete, it will be ignored, please remove it to avoid potential confusion"
 Container conf-kasm_api-run-8bb9e9b3a758 Creating 
 Container conf-kasm_api-run-8bb9e9b3a758 Created 
2026-05-26 08:31:11,711 [INFO] root: Performing Database Connectivity Test
2026-05-26 08:31:11,883 [INFO] root: Complete
time="2026-05-26T11:31:12+03:00" level=warning msg="/opt/kasm/1.15.0/docker/docker-compose.yaml: the attribute `version` is obsolete, it will be ignored, please remove it to avoid potential confusion"
 Container kasm_proxy Stopping 
 Container kasm_proxy Stopped 
 Container kasm_share Stopping 
 Container kasm_api Stopping 
 Container kasm_guac Stopping 
 Container kasm_agent Stopping 
 Container kasm_api Stopped 
 Container kasm_agent Stopped 
 Container kasm_manager Stopping 
 Container kasm_guac Stopped 
 Container kasm_share Stopped 
 Container kasm_redis Stopping 
 Container kasm_manager Stopped 
 Container kasm_db Stopping 
 Container kasm_redis Stopped 
 Container kasm_db Stopped 
Database Initialization Complete
Starting Kasm Services
Skipping Pull of Kasm Service Images
Starting Kasm Services
time="2026-05-26T11:31:13+03:00" level=warning msg="/opt/kasm/1.15.0/docker/docker-compose.yaml: the attribute `version` is obsolete, it will be ignored, please remove it to avoid potential confusion"
 Container kasm_redis Recreate 
 Container kasm_redis Recreated 
 Container kasm_redis Starting 
 Container kasm_guac Starting 
 Container kasm_db Starting 
 Container kasm_redis Started 
 Container kasm_db Started 
Error response from daemon: failed to create task for container: failed to create shim task: OCI runtime create failed: runc create failed: unable to start container process: error during container init: error mounting "/run/desktop/mnt/host/wsl/docker-desktop-bind-mounts/Ubuntu/cdd4e45ad5705d5c963fc8e08e4b2dbf4ca1274c12bb076bb11ba5eb50182e73" to rootfs at "/tmp": mount src=/run/desktop/mnt/host/wsl/docker-desktop-bind-mounts/Ubuntu/cdd4e45ad5705d5c963fc8e08e4b2dbf4ca1274c12bb076bb11ba5eb50182e73, dst=/tmp, dstFd=/proc/thread-self/fd/11, flags=MS_BIND|MS_REC: no such file or directory
An error has occurred please review the log at ./kasm_install_1779784190.log
